<?xml version="1.0" encoding="UTF-8" ?>
<testsuite errors="0" failures="0" hostname="matbis-xubuntu-vb" name="it.unibo.sdls.sampleproject.dao.tests.online.PublisherDAOTest" skipped="0" tests="1" time="0.349" timestamp="2015-12-09T00:19:40">
  <properties>
[...]
</properties>
  <testcase classname="it.unibo.sdls.sampleproject.dao.tests.online.PublisherDAOTest" name="addPublishers_with_books" time="0.3" />
  <system-out><![CDATA[]]></system-out>
  <system-err><![CDATA[]]></system-err>
</testsuite>
